dh_installcron
dh_installman
dh_installchangelogs
dh_installdeb
dh_md5sums
dh_installcron
dh_installman
dh_installchangelogs
dh_installdeb
dh_md5sums
dh_installman
dh_installchangelogs
dh_installdeb
dh_md5sums
dh_installman
dh_installchangelogs
dh_installdeb
dh_md5sums
dh_installman
dh_installchangelogs
dh_installdeb
dh_md5sums
dh_installman
dh_installchangelogs
dh_installdeb
dh_md5sums
dh_installman
dh_installchangelogs
dh_installdeb
dh_md5sums
dh_installman
dh_installchangelogs
dh_installdeb
dh_md5sums
dh_installman
dh_installchangelogs
dh_installdeb
dh_md5sums
dh_installman
dh_installchangelogs
dh_installdeb
dh_md5sums
dh_installman
dh_installchangelogs
dh_installdeb
dh_md5sums
dh_installman
dh_installchangelogs
dh_installdeb
dh_md5sums
dh_installman
dh_installchangelogs
dh_installdeb
dh_md5sums
dh_installman
dh_installchangelogs
dh_installdeb
dh_md5sums
